2024-04-04 11:16:28,297 - INFO - ('Current icons color ', None, 'New icons color', '#008000')
2024-04-04 11:16:28,298 - INFO - Generating icons for your theme, please wait. This may take long
2024-04-04 11:16:29,349 - INFO - ('DONE: Current icons color ', '#008000')
2024-04-04 11:25:57,521 - INFO - Checking icons for Default-theme theme. Icons color: #008000
2024-04-04 11:25:59,896 - INFO - Checking icons for Default-theme theme. Icons color: #008000
2024-04-04 11:26:01,651 - INFO - Checking icons for qt designer app.
2024-04-04 11:26:03,870 - INFO - all icons have been checked and missing icons generated!
2024-04-04 11:29:12,929 - INFO - Checking icons for Default-theme theme. Icons color: #008000
2024-04-04 11:29:14,059 - INFO - Checking icons for Default-theme theme. Icons color: #008000
2024-04-04 11:29:14,835 - INFO - Checking icons for qt designer app.
2024-04-04 11:29:15,605 - INFO - all icons have been checked and missing icons generated!
2024-04-04 12:39:45,927 - INFO - Checking icons for Default-theme theme. Icons color: #008000
2024-04-04 12:39:48,481 - INFO - Checking icons for Default-theme theme. Icons color: #008000
2024-04-04 12:39:50,042 - INFO - Checking icons for qt designer app.
2024-04-04 12:39:51,141 - INFO - all icons have been checked and missing icons generated!
2024-04-04 12:40:06,346 - INFO - Checking icons for Default-theme theme. Icons color: #008000
2024-04-04 12:40:07,101 - INFO - Checking icons for Default-theme theme. Icons color: #008000
2024-04-04 12:40:07,858 - INFO - Checking icons for qt designer app.
2024-04-04 12:40:08,637 - INFO - all icons have been checked and missing icons generated!
2024-04-05 11:48:08,072 - INFO - Checking icons for Default-theme theme. Icons color: #008000
2024-04-05 11:48:11,310 - INFO - Checking icons for Default-theme theme. Icons color: #008000
2024-04-05 11:48:12,342 - INFO - Checking icons for qt designer app.
2024-04-05 11:48:14,105 - INFO - all icons have been checked and missing icons generated!
2024-04-05 11:49:54,628 - INFO - Checking icons for Default-theme theme. Icons color: #008000
2024-04-05 11:49:55,755 - INFO - Checking icons for Default-theme theme. Icons color: #008000
2024-04-05 11:49:56,741 - INFO - Checking icons for qt designer app.
2024-04-05 11:49:57,624 - INFO - all icons have been checked and missing icons generated!
2024-04-05 11:51:15,002 - INFO - Checking icons for Default-theme theme. Icons color: #008000
2024-04-05 11:51:16,202 - INFO - Checking icons for Default-theme theme. Icons color: #008000
2024-04-05 11:51:17,420 - INFO - Checking icons for qt designer app.
2024-04-05 11:51:18,578 - INFO - all icons have been checked and missing icons generated!
2024-04-05 12:15:19,400 - INFO - Checking icons for Default-theme theme. Icons color: #008000
2024-04-05 12:15:22,544 - INFO - Checking icons for Default-theme theme. Icons color: #008000
2024-04-05 12:15:23,347 - INFO - Checking icons for qt designer app.
2024-04-05 12:15:26,352 - INFO - all icons have been checked and missing icons generated!
2024-04-05 12:16:43,880 - INFO - Checking icons for Default-theme theme. Icons color: #008000
2024-04-05 12:16:44,796 - INFO - Checking icons for Default-theme theme. Icons color: #008000
2024-04-05 12:16:45,577 - INFO - Checking icons for qt designer app.
2024-04-05 12:16:46,307 - INFO - all icons have been checked and missing icons generated!
2024-04-05 12:18:23,687 - INFO - Checking icons for Default-theme theme. Icons color: #008000
2024-04-05 12:18:25,057 - INFO - Checking icons for Default-theme theme. Icons color: #008000
2024-04-05 12:18:25,808 - INFO - Checking icons for qt designer app.
2024-04-05 12:18:26,562 - INFO - all icons have been checked and missing icons generated!
2024-04-05 12:19:40,841 - INFO - Checking icons for Default-theme theme. Icons color: #008000
2024-04-05 12:19:41,812 - INFO - Checking icons for Default-theme theme. Icons color: #008000
2024-04-05 12:19:42,587 - INFO - Checking icons for qt designer app.
2024-04-05 12:19:43,381 - INFO - all icons have been checked and missing icons generated!
2024-04-05 12:20:59,616 - INFO - Checking icons for Default-theme theme. Icons color: #008000
2024-04-05 12:21:00,664 - INFO - Checking icons for Default-theme theme. Icons color: #008000
2024-04-05 12:21:01,380 - INFO - Checking icons for qt designer app.
2024-04-05 12:21:02,081 - INFO - all icons have been checked and missing icons generated!
2024-04-05 12:23:28,519 - INFO - Checking icons for Default-theme theme. Icons color: #008000
2024-04-05 12:23:29,509 - INFO - Checking icons for Default-theme theme. Icons color: #008000
2024-04-05 12:23:30,376 - INFO - Checking icons for qt designer app.
2024-04-05 12:23:31,241 - INFO - all icons have been checked and missing icons generated!
2024-04-05 12:25:50,273 - INFO - Checking icons for Default-theme theme. Icons color: #008000
2024-04-05 12:25:51,135 - INFO - Checking icons for Default-theme theme. Icons color: #008000
2024-04-05 12:25:51,884 - INFO - Checking icons for qt designer app.
2024-04-05 12:25:52,786 - INFO - all icons have been checked and missing icons generated!
2024-04-05 12:26:07,067 - INFO - Checking icons for Default-theme theme. Icons color: #008000
2024-04-05 12:26:08,148 - INFO - Checking icons for Default-theme theme. Icons color: #008000
2024-04-05 12:26:29,857 - INFO - Checking icons for Default-theme theme. Icons color: #008000
2024-04-05 12:26:30,583 - INFO - Checking icons for Default-theme theme. Icons color: #008000
2024-04-05 12:26:31,302 - INFO - Checking icons for qt designer app.
2024-04-05 12:26:31,983 - INFO - all icons have been checked and missing icons generated!
2024-04-05 12:26:45,674 - INFO - Checking icons for Default-theme theme. Icons color: #008000
2024-04-05 12:26:46,579 - INFO - Checking icons for Default-theme theme. Icons color: #008000
2024-04-05 12:26:47,289 - INFO - Checking icons for qt designer app.
2024-04-05 12:26:48,006 - INFO - all icons have been checked and missing icons generated!
2024-04-05 12:36:44,180 - INFO - Checking icons for Default-theme theme. Icons color: #008000
2024-04-05 12:36:45,368 - INFO - Checking icons for Default-theme theme. Icons color: #008000
2024-04-05 12:36:46,205 - INFO - Checking icons for qt designer app.
2024-04-05 12:36:47,018 - INFO - all icons have been checked and missing icons generated!
2024-04-05 12:39:29,770 - INFO - Checking icons for Default-theme theme. Icons color: #008000
2024-04-05 12:39:30,645 - INFO - Checking icons for Default-theme theme. Icons color: #008000
2024-04-05 12:39:31,448 - INFO - Checking icons for qt designer app.
2024-04-05 12:39:32,568 - INFO - all icons have been checked and missing icons generated!
2024-04-05 12:43:02,800 - INFO - Checking icons for Default-theme theme. Icons color: #008000
2024-04-05 12:43:03,612 - INFO - Checking icons for Default-theme theme. Icons color: #008000
2024-04-05 12:43:04,291 - INFO - Checking icons for qt designer app.
2024-04-05 12:43:05,051 - INFO - all icons have been checked and missing icons generated!
2024-04-05 12:47:55,496 - INFO - Checking icons for Default-theme theme. Icons color: #008000
2024-04-05 12:47:56,261 - INFO - Checking icons for Default-theme theme. Icons color: #008000
2024-04-05 12:47:57,049 - INFO - Checking icons for qt designer app.
2024-04-05 12:47:57,742 - INFO - all icons have been checked and missing icons generated!
2024-04-05 12:49:56,564 - INFO - Checking icons for Default-theme theme. Icons color: #008000
2024-04-05 12:49:57,422 - INFO - Checking icons for Default-theme theme. Icons color: #008000
2024-04-05 12:49:58,113 - INFO - Checking icons for qt designer app.
2024-04-05 12:49:58,798 - INFO - all icons have been checked and missing icons generated!
2024-04-05 12:50:54,495 - INFO - Checking icons for Default-theme theme. Icons color: #008000
2024-04-05 12:50:55,235 - INFO - Checking icons for Default-theme theme. Icons color: #008000
2024-04-05 12:50:56,093 - INFO - Checking icons for qt designer app.
2024-04-05 12:50:56,858 - INFO - all icons have been checked and missing icons generated!
2024-04-05 12:51:40,801 - INFO - Checking icons for Default-theme theme. Icons color: #008000
2024-04-05 12:51:41,528 - INFO - Checking icons for Default-theme theme. Icons color: #008000
2024-04-05 12:51:42,267 - INFO - Checking icons for qt designer app.
2024-04-05 12:51:42,940 - INFO - all icons have been checked and missing icons generated!
2024-04-05 12:54:04,750 - INFO - Checking icons for Default-theme theme. Icons color: #008000
2024-04-05 12:54:05,905 - INFO - Checking icons for Default-theme theme. Icons color: #008000
2024-04-05 12:54:06,969 - INFO - Checking icons for qt designer app.
2024-04-05 12:54:07,927 - INFO - all icons have been checked and missing icons generated!
2024-04-05 12:54:52,894 - INFO - Checking icons for Default-theme theme. Icons color: #008000
2024-04-05 12:54:53,677 - INFO - Checking icons for Default-theme theme. Icons color: #008000
2024-04-05 12:54:54,463 - INFO - Checking icons for qt designer app.
2024-04-05 12:54:55,203 - INFO - all icons have been checked and missing icons generated!
2024-04-05 12:56:43,431 - INFO - Checking icons for Default-theme theme. Icons color: #008000
2024-04-05 12:56:44,393 - INFO - Checking icons for Default-theme theme. Icons color: #008000
2024-04-05 12:56:45,182 - INFO - Checking icons for qt designer app.
2024-04-05 12:56:45,925 - INFO - all icons have been checked and missing icons generated!
2024-04-05 12:57:18,103 - INFO - Checking icons for Default-theme theme. Icons color: #008000
2024-04-05 12:57:18,915 - INFO - Checking icons for Default-theme theme. Icons color: #008000
2024-04-05 12:57:19,736 - INFO - Checking icons for qt designer app.
2024-04-05 12:57:20,465 - INFO - all icons have been checked and missing icons generated!
2024-04-05 12:57:48,057 - INFO - Checking icons for Default-theme theme. Icons color: #008000
2024-04-05 12:57:49,229 - INFO - Checking icons for Default-theme theme. Icons color: #008000
2024-04-05 12:57:50,387 - INFO - Checking icons for qt designer app.
2024-04-05 12:57:51,327 - INFO - all icons have been checked and missing icons generated!
2024-04-05 13:46:24,424 - INFO - Checking icons for Default-theme theme. Icons color: #008000
2024-04-05 13:46:28,359 - INFO - Checking icons for Default-theme theme. Icons color: #008000
2024-04-05 13:46:29,100 - INFO - Checking icons for qt designer app.
2024-04-05 13:46:31,928 - INFO - all icons have been checked and missing icons generated!
2024-04-05 13:57:22,618 - INFO - Checking icons for Default-theme theme. Icons color: #008000
2024-04-05 13:57:23,668 - INFO - Checking icons for Default-theme theme. Icons color: #008000
2024-04-05 13:57:24,390 - INFO - Checking icons for qt designer app.
2024-04-05 13:57:25,098 - INFO - all icons have been checked and missing icons generated!
2024-04-05 13:58:00,530 - INFO - Checking icons for Default-theme theme. Icons color: #008000
2024-04-05 13:58:01,360 - INFO - Checking icons for Default-theme theme. Icons color: #008000
2024-04-05 13:58:02,073 - INFO - Checking icons for qt designer app.
2024-04-05 13:58:02,797 - INFO - all icons have been checked and missing icons generated!
2024-04-05 14:26:47,569 - INFO - Checking icons for Default-theme theme. Icons color: #008000
2024-04-05 14:26:49,032 - INFO - Checking icons for Default-theme theme. Icons color: #008000
2024-04-05 14:26:49,701 - INFO - Checking icons for qt designer app.
2024-04-05 14:26:51,281 - INFO - all icons have been checked and missing icons generated!
2024-04-05 14:31:38,492 - INFO - Checking icons for Default-theme theme. Icons color: #008000
2024-04-05 14:31:39,636 - INFO - Checking icons for Default-theme theme. Icons color: #008000
2024-04-05 14:31:40,544 - INFO - Checking icons for qt designer app.
2024-04-05 14:31:41,498 - INFO - all icons have been checked and missing icons generated!
2024-04-05 14:31:52,587 - INFO - Checking icons for Default-theme theme. Icons color: #008000
2024-04-05 14:31:53,314 - INFO - Checking icons for Default-theme theme. Icons color: #008000
2024-04-05 14:31:53,995 - INFO - Checking icons for qt designer app.
2024-04-05 14:31:54,694 - INFO - all icons have been checked and missing icons generated!
2024-04-05 14:35:05,429 - INFO - Checking icons for Default-theme theme. Icons color: #008000
2024-04-05 14:35:06,143 - INFO - Checking icons for Default-theme theme. Icons color: #008000
2024-04-05 14:35:06,824 - INFO - Checking icons for qt designer app.
2024-04-05 14:35:07,494 - INFO - all icons have been checked and missing icons generated!
2024-04-05 14:35:44,548 - INFO - Checking icons for Default-theme theme. Icons color: #008000
2024-04-05 14:35:45,319 - INFO - Checking icons for Default-theme theme. Icons color: #008000
2024-04-05 14:35:46,101 - INFO - Checking icons for qt designer app.
2024-04-05 14:35:46,827 - INFO - all icons have been checked and missing icons generated!
2024-04-05 14:37:00,329 - INFO - Checking icons for Default-theme theme. Icons color: #008000
2024-04-05 14:37:01,146 - INFO - Checking icons for Default-theme theme. Icons color: #008000
2024-04-05 14:37:01,921 - INFO - Checking icons for qt designer app.
2024-04-05 14:37:02,669 - INFO - all icons have been checked and missing icons generated!
2024-04-05 14:37:32,577 - INFO - Checking icons for Default-theme theme. Icons color: #008000
2024-04-05 14:37:33,279 - INFO - Checking icons for Default-theme theme. Icons color: #008000
2024-04-05 14:37:33,942 - INFO - Checking icons for qt designer app.
2024-04-05 14:37:34,598 - INFO - all icons have been checked and missing icons generated!
2024-04-05 14:41:51,007 - INFO - Checking icons for Default-theme theme. Icons color: #008000
2024-04-05 14:41:51,739 - INFO - Checking icons for Default-theme theme. Icons color: #008000
2024-04-05 14:41:52,519 - INFO - Checking icons for qt designer app.
2024-04-05 14:41:53,211 - INFO - all icons have been checked and missing icons generated!
2024-04-05 14:43:01,506 - INFO - Checking icons for Default-theme theme. Icons color: #008000
2024-04-05 14:43:02,306 - INFO - Checking icons for Default-theme theme. Icons color: #008000
2024-04-05 14:43:03,205 - INFO - Checking icons for qt designer app.
2024-04-05 14:43:14,698 - INFO - Checking icons for Default-theme theme. Icons color: #008000
2024-04-05 14:43:15,724 - INFO - Checking icons for Default-theme theme. Icons color: #008000
2024-04-05 14:43:16,971 - INFO - Checking icons for qt designer app.
2024-04-05 14:43:17,906 - INFO - all icons have been checked and missing icons generated!
2024-04-05 14:48:59,420 - INFO - Checking icons for Default-theme theme. Icons color: #008000
2024-04-05 14:49:00,228 - INFO - Checking icons for Default-theme theme. Icons color: #008000
2024-04-05 14:49:00,927 - INFO - Checking icons for qt designer app.
2024-04-05 14:49:21,544 - INFO - Checking icons for Default-theme theme. Icons color: #008000
2024-04-05 14:49:22,279 - INFO - Checking icons for Default-theme theme. Icons color: #008000
2024-04-05 14:49:23,000 - INFO - Checking icons for qt designer app.
2024-04-05 14:49:30,367 - INFO - Checking icons for Default-theme theme. Icons color: #008000
2024-04-05 14:49:31,057 - INFO - Checking icons for Default-theme theme. Icons color: #008000
2024-04-05 14:49:31,738 - INFO - Checking icons for qt designer app.
2024-04-05 14:49:32,389 - INFO - all icons have been checked and missing icons generated!
2024-04-08 09:30:33,030 - INFO - Checking icons for Default-theme theme. Icons color: #008000
2024-04-08 09:30:38,205 - INFO - Checking icons for Default-theme theme. Icons color: #008000
2024-04-08 09:30:40,808 - INFO - Checking icons for qt designer app.
2024-04-08 09:30:44,070 - INFO - all icons have been checked and missing icons generated!
2024-04-08 10:13:21,642 - INFO - Checking icons for Default-theme theme. Icons color: #008000
2024-04-08 10:13:22,776 - INFO - Checking icons for Default-theme theme. Icons color: #008000
2024-04-08 10:13:23,427 - INFO - Checking icons for qt designer app.
2024-04-08 10:13:24,443 - INFO - all icons have been checked and missing icons generated!
2024-04-08 10:14:51,090 - INFO - Checking icons for Default-theme theme. Icons color: #008000
2024-04-08 10:14:51,997 - INFO - Checking icons for Default-theme theme. Icons color: #008000
2024-04-08 10:14:52,680 - INFO - Checking icons for qt designer app.
2024-04-08 10:14:53,385 - INFO - all icons have been checked and missing icons generated!
2024-04-08 10:16:05,116 - INFO - Checking icons for Default-theme theme. Icons color: #008000
2024-04-08 10:16:06,081 - INFO - Checking icons for Default-theme theme. Icons color: #008000
2024-04-08 10:16:06,781 - INFO - Checking icons for qt designer app.
2024-04-08 10:16:07,491 - INFO - all icons have been checked and missing icons generated!
2024-04-08 11:05:35,826 - INFO - Checking icons for Default-theme theme. Icons color: #008000
2024-04-08 11:05:37,827 - INFO - Checking icons for Default-theme theme. Icons color: #008000
2024-04-08 11:05:38,829 - INFO - Checking icons for qt designer app.
2024-04-08 11:05:41,773 - INFO - all icons have been checked and missing icons generated!
2024-04-08 11:12:41,388 - INFO - Checking icons for Default-theme theme. Icons color: #008000
2024-04-08 11:12:42,455 - INFO - Checking icons for Default-theme theme. Icons color: #008000
2024-04-08 11:12:43,791 - INFO - Checking icons for qt designer app.
2024-04-08 11:12:45,083 - INFO - all icons have been checked and missing icons generated!
2024-04-08 11:38:23,680 - INFO - Checking icons for Default-theme theme. Icons color: #008000
2024-04-08 11:38:25,717 - INFO - Checking icons for Default-theme theme. Icons color: #008000
2024-04-08 11:38:26,743 - INFO - Checking icons for qt designer app.
2024-04-08 11:38:28,360 - INFO - all icons have been checked and missing icons generated!
2024-04-08 11:41:08,797 - INFO - Checking icons for Default-theme theme. Icons color: #008000
2024-04-08 11:41:09,796 - INFO - Checking icons for Default-theme theme. Icons color: #008000
2024-04-08 11:41:10,849 - INFO - Checking icons for qt designer app.
2024-04-08 11:41:11,844 - INFO - all icons have been checked and missing icons generated!
2024-04-08 11:59:02,053 - INFO - Checking icons for Default-theme theme. Icons color: #008000
2024-04-08 11:59:03,134 - INFO - Checking icons for Default-theme theme. Icons color: #008000
2024-04-08 11:59:04,139 - INFO - Checking icons for qt designer app.
2024-04-08 11:59:05,047 - INFO - all icons have been checked and missing icons generated!
2024-04-08 12:00:42,390 - INFO - Checking icons for Default-theme theme. Icons color: #008000
2024-04-08 12:00:43,425 - INFO - Checking icons for Default-theme theme. Icons color: #008000
2024-04-08 12:00:44,480 - INFO - Checking icons for qt designer app.
2024-04-08 12:00:45,475 - INFO - all icons have been checked and missing icons generated!
2024-04-08 12:01:38,647 - INFO - Checking icons for Default-theme theme. Icons color: #008000
2024-04-08 12:01:39,499 - INFO - Checking icons for Default-theme theme. Icons color: #008000
2024-04-08 12:01:40,209 - INFO - Checking icons for qt designer app.
2024-04-08 12:01:40,860 - INFO - all icons have been checked and missing icons generated!
2024-04-08 12:06:19,796 - INFO - Checking icons for Default-theme theme. Icons color: #008000
2024-04-08 12:06:20,807 - INFO - Checking icons for Default-theme theme. Icons color: #008000
2024-04-08 12:06:21,794 - INFO - Checking icons for qt designer app.
2024-04-08 12:06:22,763 - INFO - all icons have been checked and missing icons generated!
2024-04-08 12:09:08,903 - INFO - Checking icons for Default-theme theme. Icons color: #008000
2024-04-08 12:09:09,978 - INFO - Checking icons for Default-theme theme. Icons color: #008000
2024-04-08 12:09:10,972 - INFO - Checking icons for qt designer app.
2024-04-08 12:09:11,933 - INFO - all icons have been checked and missing icons generated!
2024-04-08 12:11:22,456 - INFO - Checking icons for Default-theme theme. Icons color: #008000
2024-04-08 12:11:23,411 - INFO - Checking icons for Default-theme theme. Icons color: #008000
2024-04-08 12:11:24,421 - INFO - Checking icons for qt designer app.
2024-04-08 12:11:25,337 - INFO - all icons have been checked and missing icons generated!
2024-04-08 12:12:02,987 - INFO - Checking icons for Default-theme theme. Icons color: #008000
2024-04-08 12:12:03,889 - INFO - Checking icons for Default-theme theme. Icons color: #008000
2024-04-08 12:12:04,845 - INFO - Checking icons for qt designer app.
2024-04-08 12:12:05,839 - INFO - all icons have been checked and missing icons generated!
2024-04-08 12:18:32,301 - INFO - Checking icons for Default-theme theme. Icons color: #008000
2024-04-08 12:18:33,247 - INFO - Checking icons for Default-theme theme. Icons color: #008000
2024-04-08 12:18:34,233 - INFO - Checking icons for qt designer app.
2024-04-08 12:18:35,127 - INFO - all icons have been checked and missing icons generated!
2024-04-08 12:21:24,997 - INFO - Checking icons for Default-theme theme. Icons color: #008000
2024-04-08 12:21:25,924 - INFO - Checking icons for Default-theme theme. Icons color: #008000
2024-04-08 12:21:26,946 - INFO - Checking icons for qt designer app.
2024-04-08 12:25:01,873 - INFO - Checking icons for Default-theme theme. Icons color: #008000
2024-04-08 12:25:02,871 - INFO - Checking icons for Default-theme theme. Icons color: #008000
2024-04-08 12:25:03,864 - INFO - Checking icons for qt designer app.
2024-04-08 12:25:04,863 - INFO - all icons have been checked and missing icons generated!
2024-04-08 12:25:24,376 - INFO - Checking icons for Default-theme theme. Icons color: #008000
2024-04-08 12:25:25,289 - INFO - Checking icons for Default-theme theme. Icons color: #008000
2024-04-08 12:25:26,313 - INFO - Checking icons for qt designer app.
2024-04-08 12:25:27,280 - INFO - all icons have been checked and missing icons generated!
2024-04-08 12:25:46,985 - INFO - Checking icons for Default-theme theme. Icons color: #008000
2024-04-08 12:25:47,964 - INFO - Checking icons for Default-theme theme. Icons color: #008000
2024-04-08 12:25:48,947 - INFO - Checking icons for qt designer app.
2024-04-08 12:25:49,842 - INFO - all icons have been checked and missing icons generated!
2024-04-08 12:26:12,962 - INFO - Checking icons for Default-theme theme. Icons color: #008000
2024-04-08 12:26:13,981 - INFO - Checking icons for Default-theme theme. Icons color: #008000
2024-04-08 12:26:15,008 - INFO - Checking icons for qt designer app.
2024-04-08 12:26:16,028 - INFO - all icons have been checked and missing icons generated!
2024-04-08 12:29:21,696 - INFO - Checking icons for Default-theme theme. Icons color: #008000
2024-04-08 12:29:22,692 - INFO - Checking icons for Default-theme theme. Icons color: #008000
2024-04-08 12:29:23,657 - INFO - Checking icons for qt designer app.
2024-04-08 12:29:24,569 - INFO - all icons have been checked and missing icons generated!
2024-04-08 12:40:43,786 - INFO - Checking icons for Default-theme theme. Icons color: #008000
2024-04-08 12:40:44,793 - INFO - Checking icons for Default-theme theme. Icons color: #008000
2024-04-08 12:40:45,785 - INFO - Checking icons for qt designer app.
2024-04-08 12:40:46,678 - INFO - all icons have been checked and missing icons generated!
2024-04-08 12:41:06,599 - INFO - Checking icons for Default-theme theme. Icons color: #008000
2024-04-08 12:41:07,607 - INFO - Checking icons for Default-theme theme. Icons color: #008000
2024-04-08 12:41:08,569 - INFO - Checking icons for qt designer app.
2024-04-08 12:41:09,462 - INFO - all icons have been checked and missing icons generated!
2024-04-08 12:44:33,255 - INFO - Checking icons for Default-theme theme. Icons color: #008000
2024-04-08 12:44:34,156 - INFO - Checking icons for Default-theme theme. Icons color: #008000
2024-04-08 12:44:35,124 - INFO - Checking icons for qt designer app.
2024-04-08 12:44:36,091 - INFO - all icons have been checked and missing icons generated!
2024-04-08 12:44:56,922 - INFO - Checking icons for Default-theme theme. Icons color: #008000
2024-04-08 12:44:57,873 - INFO - Checking icons for Default-theme theme. Icons color: #008000
2024-04-08 12:44:58,759 - INFO - Checking icons for qt designer app.
2024-04-08 12:44:59,828 - INFO - all icons have been checked and missing icons generated!
2024-04-08 12:45:26,408 - INFO - Checking icons for Default-theme theme. Icons color: #008000
2024-04-08 12:45:27,326 - INFO - Checking icons for Default-theme theme. Icons color: #008000
2024-04-08 12:45:28,298 - INFO - Checking icons for qt designer app.
2024-04-08 12:45:29,199 - INFO - all icons have been checked and missing icons generated!
2024-04-08 12:47:55,822 - INFO - Checking icons for Default-theme theme. Icons color: #008000
2024-04-08 12:47:56,840 - INFO - Checking icons for Default-theme theme. Icons color: #008000
2024-04-08 12:47:57,817 - INFO - Checking icons for qt designer app.
2024-04-08 12:47:58,708 - INFO - all icons have been checked and missing icons generated!
2024-04-08 12:50:09,832 - INFO - Checking icons for Default-theme theme. Icons color: #008000
2024-04-08 12:50:10,880 - INFO - Checking icons for Default-theme theme. Icons color: #008000
2024-04-08 12:50:11,801 - INFO - Checking icons for qt designer app.
2024-04-08 12:50:12,683 - INFO - all icons have been checked and missing icons generated!
2024-04-08 12:53:00,484 - INFO - Checking icons for Default-theme theme. Icons color: #008000
2024-04-08 12:53:01,516 - INFO - Checking icons for Default-theme theme. Icons color: #008000
2024-04-08 12:53:02,479 - INFO - Checking icons for qt designer app.
2024-04-08 12:53:03,371 - INFO - all icons have been checked and missing icons generated!
2024-04-08 12:54:38,621 - INFO - Checking icons for Default-theme theme. Icons color: #008000
2024-04-08 12:54:39,565 - INFO - Checking icons for Default-theme theme. Icons color: #008000
2024-04-08 12:54:40,563 - INFO - Checking icons for qt designer app.
2024-04-08 12:54:41,513 - INFO - all icons have been checked and missing icons generated!
2024-04-08 13:01:44,369 - INFO - Checking icons for Default-theme theme. Icons color: #008000
2024-04-08 13:01:45,361 - INFO - Checking icons for Default-theme theme. Icons color: #008000
2024-04-08 13:01:46,376 - INFO - Checking icons for qt designer app.
2024-04-08 13:01:47,283 - INFO - all icons have been checked and missing icons generated!
2024-04-08 13:04:34,389 - INFO - Checking icons for Default-theme theme. Icons color: #008000
2024-04-08 13:04:35,378 - INFO - Checking icons for Default-theme theme. Icons color: #008000
2024-04-08 13:04:36,415 - INFO - Checking icons for qt designer app.
2024-04-08 13:04:37,525 - INFO - all icons have been checked and missing icons generated!
2024-04-08 13:04:56,939 - INFO - Checking icons for Default-theme theme. Icons color: #008000
2024-04-08 13:04:57,909 - INFO - Checking icons for Default-theme theme. Icons color: #008000
2024-04-08 13:04:58,889 - INFO - Checking icons for qt designer app.
2024-04-08 13:04:59,791 - INFO - all icons have been checked and missing icons generated!
2024-04-08 13:06:21,931 - INFO - Checking icons for Default-theme theme. Icons color: #008000
2024-04-08 13:06:22,891 - INFO - Checking icons for Default-theme theme. Icons color: #008000
2024-04-08 13:06:23,888 - INFO - Checking icons for qt designer app.
2024-04-08 13:06:24,853 - INFO - all icons have been checked and missing icons generated!
2024-04-08 13:06:50,489 - INFO - Checking icons for Default-theme theme. Icons color: #008000
2024-04-08 13:06:51,453 - INFO - Checking icons for Default-theme theme. Icons color: #008000
2024-04-08 13:06:52,448 - INFO - Checking icons for qt designer app.
2024-04-08 13:06:53,340 - INFO - all icons have been checked and missing icons generated!
2024-04-08 13:07:23,460 - INFO - Checking icons for Default-theme theme. Icons color: #008000
2024-04-08 13:07:24,444 - INFO - Checking icons for Default-theme theme. Icons color: #008000
2024-04-08 13:07:25,430 - INFO - Checking icons for qt designer app.
2024-04-08 13:07:26,459 - INFO - all icons have been checked and missing icons generated!
2024-04-08 13:07:37,838 - INFO - Checking icons for Default-theme theme. Icons color: #008000
2024-04-08 13:07:38,730 - INFO - Checking icons for Default-theme theme. Icons color: #008000
2024-04-08 13:07:39,749 - INFO - Checking icons for qt designer app.
2024-04-08 13:07:40,657 - INFO - all icons have been checked and missing icons generated!
2024-04-08 13:08:26,073 - INFO - Checking icons for Default-theme theme. Icons color: #008000
2024-04-08 13:08:27,100 - INFO - Checking icons for Default-theme theme. Icons color: #008000
2024-04-08 13:08:28,111 - INFO - Checking icons for qt designer app.
2024-04-08 13:08:29,023 - INFO - all icons have been checked and missing icons generated!
2024-04-08 13:08:48,453 - INFO - Checking icons for Default-theme theme. Icons color: #008000
2024-04-08 13:08:49,407 - INFO - Checking icons for Default-theme theme. Icons color: #008000
2024-04-08 13:08:50,315 - INFO - Checking icons for qt designer app.
2024-04-08 13:08:51,205 - INFO - all icons have been checked and missing icons generated!
2024-04-08 13:13:51,581 - INFO - Checking icons for Default-theme theme. Icons color: #008000
2024-04-08 13:13:52,516 - INFO - Checking icons for Default-theme theme. Icons color: #008000
2024-04-08 13:13:53,236 - INFO - Checking icons for qt designer app.
2024-04-08 13:13:53,924 - INFO - all icons have been checked and missing icons generated!
2024-04-08 13:16:04,652 - INFO - Checking icons for Default-theme theme. Icons color: #008000
2024-04-08 13:16:05,679 - INFO - Checking icons for Default-theme theme. Icons color: #008000
2024-04-08 13:16:06,659 - INFO - Checking icons for qt designer app.
2024-04-08 13:16:07,586 - INFO - all icons have been checked and missing icons generated!
2024-04-08 13:19:40,570 - INFO - Checking icons for Default-theme theme. Icons color: #008000
2024-04-08 13:19:41,704 - INFO - Checking icons for Default-theme theme. Icons color: #008000
2024-04-08 13:19:42,454 - INFO - Checking icons for qt designer app.
2024-04-08 13:19:43,216 - INFO - all icons have been checked and missing icons generated!
2024-04-08 13:24:46,967 - INFO - Checking icons for Default-theme theme. Icons color: #008000
2024-04-08 13:24:47,771 - INFO - Checking icons for Default-theme theme. Icons color: #008000
2024-04-08 13:24:48,520 - INFO - Checking icons for qt designer app.
2024-04-08 13:24:49,225 - INFO - all icons have been checked and missing icons generated!
2024-04-08 13:38:53,355 - INFO - Checking icons for Default-theme theme. Icons color: #008000
2024-04-08 13:38:54,128 - INFO - Checking icons for Default-theme theme. Icons color: #008000
2024-04-08 13:38:54,751 - INFO - Checking icons for qt designer app.
2024-04-08 13:38:55,403 - INFO - all icons have been checked and missing icons generated!
2024-04-08 13:39:08,108 - INFO - Checking icons for Default-theme theme. Icons color: #008000
2024-04-08 13:39:08,893 - INFO - Checking icons for Default-theme theme. Icons color: #008000
2024-04-08 13:39:09,770 - INFO - Checking icons for qt designer app.
2024-04-08 13:39:22,034 - INFO - Checking icons for Default-theme theme. Icons color: #008000
2024-04-08 13:39:22,742 - INFO - Checking icons for Default-theme theme. Icons color: #008000
2024-04-08 13:39:39,307 - INFO - Checking icons for Default-theme theme. Icons color: #008000
2024-04-08 13:39:39,961 - INFO - Checking icons for Default-theme theme. Icons color: #008000
2024-04-08 13:39:40,616 - INFO - Checking icons for qt designer app.
2024-04-08 13:39:41,274 - INFO - all icons have been checked and missing icons generated!
2024-04-08 13:42:36,648 - INFO - Checking icons for Default-theme theme. Icons color: #008000
2024-04-08 13:42:37,558 - INFO - Checking icons for Default-theme theme. Icons color: #008000
2024-04-08 13:42:38,513 - INFO - Checking icons for qt designer app.
2024-04-08 13:42:39,434 - INFO - all icons have been checked and missing icons generated!
2024-04-08 13:43:12,650 - INFO - Checking icons for Default-theme theme. Icons color: #008000
2024-04-08 13:43:13,404 - INFO - Checking icons for Default-theme theme. Icons color: #008000
2024-04-08 13:43:14,447 - INFO - Checking icons for qt designer app.
2024-04-08 13:43:39,884 - INFO - Checking icons for Default-theme theme. Icons color: #008000
2024-04-08 13:43:40,572 - INFO - Checking icons for Default-theme theme. Icons color: #008000
2024-04-08 13:43:41,202 - INFO - Checking icons for qt designer app.
2024-04-08 13:43:41,878 - INFO - all icons have been checked and missing icons generated!
2024-04-08 13:44:30,722 - INFO - Checking icons for Default-theme theme. Icons color: #008000
2024-04-08 13:44:31,369 - INFO - Checking icons for Default-theme theme. Icons color: #008000
2024-04-08 13:44:31,961 - INFO - Checking icons for qt designer app.
2024-04-08 13:44:32,569 - INFO - all icons have been checked and missing icons generated!
2024-04-08 13:45:52,262 - INFO - Checking icons for Default-theme theme. Icons color: #008000
2024-04-08 13:45:52,940 - INFO - Checking icons for Default-theme theme. Icons color: #008000
2024-04-08 13:45:53,715 - INFO - Checking icons for qt designer app.
2024-04-08 13:49:29,049 - INFO - Checking icons for Default-theme theme. Icons color: #008000
2024-04-08 13:49:29,958 - INFO - Checking icons for Default-theme theme. Icons color: #008000
2024-04-08 13:49:30,863 - INFO - Checking icons for qt designer app.
2024-04-08 13:49:31,539 - INFO - all icons have been checked and missing icons generated!
2024-04-08 13:49:59,782 - INFO - Checking icons for Default-theme theme. Icons color: #008000
2024-04-08 13:50:00,533 - INFO - Checking icons for Default-theme theme. Icons color: #008000
2024-04-08 13:50:01,246 - INFO - Checking icons for qt designer app.
2024-04-08 13:50:01,894 - INFO - all icons have been checked and missing icons generated!
2024-04-08 14:14:46,029 - INFO - Checking icons for Default-theme theme. Icons color: #008000
2024-04-08 14:14:46,988 - INFO - Checking icons for Default-theme theme. Icons color: #008000
2024-04-08 14:14:47,670 - INFO - Checking icons for qt designer app.
2024-04-08 14:14:48,359 - INFO - all icons have been checked and missing icons generated!
2024-04-08 14:50:13,958 - INFO - Checking icons for Default-theme theme. Icons color: #008000
2024-04-08 14:50:15,246 - INFO - Checking icons for Default-theme theme. Icons color: #008000
2024-04-08 14:50:15,969 - INFO - Checking icons for qt designer app.
2024-04-08 14:50:16,988 - INFO - all icons have been checked and missing icons generated!
2024-04-08 14:53:42,312 - INFO - Checking icons for Default-theme theme. Icons color: #008000
2024-04-08 14:53:43,110 - INFO - Checking icons for Default-theme theme. Icons color: #008000
2024-04-08 14:53:43,844 - INFO - Checking icons for qt designer app.
2024-04-08 14:53:44,781 - INFO - all icons have been checked and missing icons generated!
2024-04-08 14:58:55,803 - INFO - Checking icons for Default-theme theme. Icons color: #008000
2024-04-08 14:58:56,575 - INFO - Checking icons for Default-theme theme. Icons color: #008000
2024-04-08 14:58:57,351 - INFO - Checking icons for qt designer app.
2024-04-08 14:58:58,096 - INFO - all icons have been checked and missing icons generated!
2024-04-08 15:01:59,387 - INFO - Checking icons for Default-theme theme. Icons color: #008000
2024-04-08 15:02:00,250 - INFO - Checking icons for Default-theme theme. Icons color: #008000
2024-04-08 15:02:01,000 - INFO - Checking icons for qt designer app.
2024-04-08 15:02:01,709 - INFO - all icons have been checked and missing icons generated!
2024-04-08 15:03:09,651 - INFO - Checking icons for Default-theme theme. Icons color: #008000
2024-04-08 15:03:10,359 - INFO - Checking icons for Default-theme theme. Icons color: #008000
2024-04-08 15:03:11,141 - INFO - Checking icons for qt designer app.
2024-04-08 15:03:11,799 - INFO - all icons have been checked and missing icons generated!
2024-04-08 15:04:18,984 - INFO - Checking icons for Default-theme theme. Icons color: #008000
2024-04-08 15:04:19,752 - INFO - Checking icons for Default-theme theme. Icons color: #008000
2024-04-08 15:04:20,496 - INFO - Checking icons for qt designer app.
2024-04-08 15:04:48,160 - INFO - Checking icons for Default-theme theme. Icons color: #008000
2024-04-08 15:04:48,855 - INFO - Checking icons for Default-theme theme. Icons color: #008000
2024-04-08 15:04:49,565 - INFO - Checking icons for qt designer app.
2024-04-08 15:04:50,419 - INFO - all icons have been checked and missing icons generated!
2024-04-08 15:05:23,392 - INFO - Checking icons for Default-theme theme. Icons color: #008000
2024-04-08 15:05:24,318 - INFO - Checking icons for Default-theme theme. Icons color: #008000
2024-04-08 15:05:25,452 - INFO - Checking icons for qt designer app.
2024-04-08 15:05:26,778 - INFO - all icons have been checked and missing icons generated!
2024-04-08 15:06:18,652 - INFO - Checking icons for Default-theme theme. Icons color: #008000
2024-04-08 15:06:19,440 - INFO - Checking icons for Default-theme theme. Icons color: #008000
2024-04-08 15:06:20,115 - INFO - Checking icons for qt designer app.
2024-04-08 15:06:20,831 - INFO - all icons have been checked and missing icons generated!
2024-04-08 15:07:12,809 - INFO - Checking icons for Default-theme theme. Icons color: #008000
2024-04-08 15:07:13,537 - INFO - Checking icons for Default-theme theme. Icons color: #008000
2024-04-08 15:07:14,332 - INFO - Checking icons for qt designer app.
2024-04-08 15:07:14,971 - INFO - all icons have been checked and missing icons generated!
2024-04-08 15:10:16,347 - INFO - Checking icons for Default-theme theme. Icons color: #008000
2024-04-08 15:10:17,118 - INFO - Checking icons for Default-theme theme. Icons color: #008000
2024-04-08 15:10:17,807 - INFO - Checking icons for qt designer app.
2024-04-08 15:10:18,470 - INFO - all icons have been checked and missing icons generated!
2024-04-08 15:10:58,599 - INFO - Checking icons for Default-theme theme. Icons color: #008000
2024-04-08 15:10:59,405 - INFO - Checking icons for Default-theme theme. Icons color: #008000
2024-04-08 15:11:00,128 - INFO - Checking icons for qt designer app.
2024-04-08 15:11:00,951 - INFO - all icons have been checked and missing icons generated!
2024-04-08 15:22:12,401 - INFO - Checking icons for Default-theme theme. Icons color: #008000
2024-04-08 15:22:13,190 - INFO - Checking icons for Default-theme theme. Icons color: #008000
2024-04-08 15:22:13,939 - INFO - Checking icons for qt designer app.
2024-04-08 15:22:14,559 - INFO - all icons have been checked and missing icons generated!
2024-04-08 15:22:41,936 - INFO - Checking icons for Default-theme theme. Icons color: #008000
2024-04-08 15:22:42,678 - INFO - Checking icons for Default-theme theme. Icons color: #008000
2024-04-08 15:22:43,501 - INFO - Checking icons for qt designer app.
2024-04-08 15:22:44,230 - INFO - all icons have been checked and missing icons generated!
2024-04-08 15:23:06,878 - INFO - Checking icons for Default-theme theme. Icons color: #008000
2024-04-08 15:23:07,649 - INFO - Checking icons for Default-theme theme. Icons color: #008000
2024-04-08 15:23:08,354 - INFO - Checking icons for qt designer app.
2024-04-08 15:23:08,971 - INFO - all icons have been checked and missing icons generated!
2024-04-08 15:23:34,081 - INFO - Checking icons for Default-theme theme. Icons color: #008000
2024-04-08 15:23:34,833 - INFO - Checking icons for Default-theme theme. Icons color: #008000
2024-04-08 15:23:35,537 - INFO - Checking icons for qt designer app.
2024-04-08 15:23:36,173 - INFO - all icons have been checked and missing icons generated!
2024-04-08 15:45:32,103 - INFO - Checking icons for Default-theme theme. Icons color: #008000
2024-04-08 15:45:32,870 - INFO - Checking icons for Default-theme theme. Icons color: #008000
2024-04-08 15:45:33,481 - INFO - Checking icons for qt designer app.
2024-04-08 15:45:34,128 - INFO - all icons have been checked and missing icons generated!
2024-04-08 15:57:23,520 - INFO - Checking icons for Default-theme theme. Icons color: #008000
2024-04-08 15:57:24,315 - INFO - Checking icons for Default-theme theme. Icons color: #008000
2024-04-08 15:57:24,989 - INFO - Checking icons for qt designer app.
2024-04-08 15:57:25,633 - INFO - all icons have been checked and missing icons generated!
2024-04-08 15:58:31,159 - INFO - Checking icons for Default-theme theme. Icons color: #008000
2024-04-08 15:58:31,927 - INFO - Checking icons for Default-theme theme. Icons color: #008000
2024-04-08 15:58:32,589 - INFO - Checking icons for qt designer app.
2024-04-08 15:58:33,204 - INFO - all icons have been checked and missing icons generated!
2024-04-08 16:06:27,811 - INFO - Checking icons for Default-theme theme. Icons color: #008000
2024-04-08 16:06:28,593 - INFO - Checking icons for Default-theme theme. Icons color: #008000
2024-04-08 16:06:29,234 - INFO - Checking icons for qt designer app.
2024-04-08 16:06:29,880 - INFO - all icons have been checked and missing icons generated!
2024-04-08 16:08:18,013 - INFO - Checking icons for Default-theme theme. Icons color: #008000
2024-04-08 16:08:18,771 - INFO - Checking icons for Default-theme theme. Icons color: #008000
2024-04-08 16:08:19,426 - INFO - Checking icons for qt designer app.
2024-04-08 16:08:20,060 - INFO - all icons have been checked and missing icons generated!
2024-04-09 09:42:39,404 - INFO - Checking icons for Default-theme theme. Icons color: #008000
2024-04-09 09:42:41,476 - INFO - Checking icons for Default-theme theme. Icons color: #008000
2024-04-09 09:42:42,198 - INFO - Checking icons for qt designer app.
2024-04-09 09:42:43,576 - INFO - all icons have been checked and missing icons generated!
2024-04-09 09:50:27,448 - INFO - Checking icons for Default-theme theme. Icons color: #008000
2024-04-09 09:50:28,417 - INFO - Checking icons for Default-theme theme. Icons color: #008000
2024-04-09 09:50:29,111 - INFO - Checking icons for qt designer app.
2024-04-09 09:50:29,792 - INFO - all icons have been checked and missing icons generated!
2024-04-09 09:50:52,768 - INFO - Checking icons for Default-theme theme. Icons color: #008000
2024-04-09 09:50:53,626 - INFO - Checking icons for Default-theme theme. Icons color: #008000
2024-04-09 09:50:54,284 - INFO - Checking icons for qt designer app.
2024-04-09 09:50:55,165 - INFO - all icons have been checked and missing icons generated!
2024-04-09 09:51:40,528 - INFO - Checking icons for Default-theme theme. Icons color: #008000
2024-04-09 09:51:41,340 - INFO - Checking icons for Default-theme theme. Icons color: #008000
2024-04-09 09:51:42,002 - INFO - Checking icons for qt designer app.
2024-04-09 09:51:42,644 - INFO - all icons have been checked and missing icons generated!
2024-04-09 09:58:01,255 - INFO - Checking icons for Default-theme theme. Icons color: #008000
2024-04-09 09:58:02,031 - INFO - Checking icons for Default-theme theme. Icons color: #008000
2024-04-09 09:58:02,673 - INFO - Checking icons for qt designer app.
2024-04-09 09:58:03,344 - INFO - all icons have been checked and missing icons generated!
2024-04-09 10:01:08,155 - INFO - Checking icons for Default-theme theme. Icons color: #008000
2024-04-09 10:01:08,927 - INFO - Checking icons for Default-theme theme. Icons color: #008000
2024-04-09 10:01:09,639 - INFO - Checking icons for qt designer app.
2024-04-09 10:01:10,305 - INFO - all icons have been checked and missing icons generated!
2024-04-09 10:11:56,393 - INFO - Checking icons for Default-theme theme. Icons color: #008000
2024-04-09 10:11:57,412 - INFO - Checking icons for Default-theme theme. Icons color: #008000
2024-04-09 10:11:58,112 - INFO - Checking icons for qt designer app.
2024-04-09 10:11:58,796 - INFO - all icons have been checked and missing icons generated!
2024-04-09 10:22:40,886 - INFO - Checking icons for Default-theme theme. Icons color: #008000
2024-04-09 10:22:41,626 - INFO - Checking icons for Default-theme theme. Icons color: #008000
2024-04-09 10:22:42,357 - INFO - Checking icons for qt designer app.
2024-04-09 10:22:43,003 - INFO - all icons have been checked and missing icons generated!
2024-04-09 10:23:48,216 - INFO - Checking icons for Default-theme theme. Icons color: #008000
2024-04-09 10:23:48,970 - INFO - Checking icons for Default-theme theme. Icons color: #008000
2024-04-09 10:23:49,633 - INFO - Checking icons for qt designer app.
2024-04-09 10:23:50,299 - INFO - all icons have been checked and missing icons generated!
2024-04-09 10:25:00,159 - INFO - Checking icons for Default-theme theme. Icons color: #008000
2024-04-09 10:25:00,849 - INFO - Checking icons for Default-theme theme. Icons color: #008000
2024-04-09 10:25:01,561 - INFO - Checking icons for qt designer app.
2024-04-09 10:25:02,243 - INFO - all icons have been checked and missing icons generated!
2024-04-09 10:25:20,400 - INFO - Checking icons for Default-theme theme. Icons color: #008000
2024-04-09 10:25:21,155 - INFO - Checking icons for Default-theme theme. Icons color: #008000
2024-04-09 10:25:21,793 - INFO - Checking icons for qt designer app.
2024-04-09 10:25:22,480 - INFO - all icons have been checked and missing icons generated!
2024-04-10 14:56:45,376 - INFO - Checking icons for Default-theme theme. Icons color: #008000
2024-04-10 14:56:47,702 - INFO - Checking icons for Default-theme theme. Icons color: #008000
2024-04-10 14:56:48,532 - INFO - Checking icons for qt designer app.
2024-04-10 14:56:49,995 - INFO - all icons have been checked and missing icons generated!
2024-04-10 15:06:12,228 - INFO - Checking icons for Default-theme theme. Icons color: #008000
2024-04-10 15:06:13,011 - INFO - Checking icons for Default-theme theme. Icons color: #008000
2024-04-10 15:06:13,645 - INFO - Checking icons for qt designer app.
2024-04-10 15:06:14,244 - INFO - all icons have been checked and missing icons generated!
2024-04-10 15:51:41,032 - INFO - Checking icons for Default-theme theme. Icons color: #008000
2024-04-10 15:51:42,423 - INFO - Checking icons for Default-theme theme. Icons color: #008000
2024-04-10 15:51:43,094 - INFO - Checking icons for qt designer app.
2024-04-10 15:51:44,231 - INFO - all icons have been checked and missing icons generated!
2024-04-10 16:12:36,728 - INFO - Checking icons for Default-theme theme. Icons color: #008000
2024-04-10 16:12:38,387 - INFO - Checking icons for Default-theme theme. Icons color: #008000
2024-04-10 16:12:39,056 - INFO - Checking icons for qt designer app.
2024-04-10 16:12:40,259 - INFO - all icons have been checked and missing icons generated!
2024-04-10 16:13:47,995 - INFO - Checking icons for Default-theme theme. Icons color: #008000
2024-04-10 16:13:48,980 - INFO - Checking icons for Default-theme theme. Icons color: #008000
2024-04-10 16:13:49,782 - INFO - Checking icons for qt designer app.
2024-04-10 16:13:50,538 - INFO - all icons have been checked and missing icons generated!
2024-04-17 10:45:23,263 - INFO - Checking icons for Default-theme theme. Icons color: #008000
2024-04-17 10:45:25,453 - INFO - Checking icons for Default-theme theme. Icons color: #008000
2024-04-17 10:45:27,093 - INFO - Checking icons for qt designer app.
2024-04-17 10:45:29,046 - INFO - all icons have been checked and missing icons generated!
2024-04-17 17:41:20,718 - INFO - Checking icons for Default-theme theme. Icons color: #008000
2024-04-17 17:41:22,212 - INFO - Checking icons for Default-theme theme. Icons color: #008000
2024-04-17 17:41:23,157 - INFO - Checking icons for qt designer app.
2024-04-18 11:22:47,964 - INFO - Checking icons for Default-theme theme. Icons color: #008000
2024-04-18 11:22:49,107 - INFO - Checking icons for Default-theme theme. Icons color: #008000
2024-04-18 11:22:49,784 - INFO - Checking icons for qt designer app.
2024-04-18 11:22:50,502 - INFO - all icons have been checked and missing icons generated!
2024-04-18 11:24:34,774 - INFO - Checking icons for Default-theme theme. Icons color: #008000
2024-04-18 11:24:35,483 - INFO - Checking icons for Default-theme theme. Icons color: #008000
2024-04-18 11:24:36,222 - INFO - Checking icons for qt designer app.
2024-04-18 11:24:37,107 - INFO - all icons have been checked and missing icons generated!
2024-04-18 12:04:59,985 - INFO - Checking icons for Default-theme theme. Icons color: #008000
2024-04-18 12:05:01,453 - INFO - Checking icons for Default-theme theme. Icons color: #008000
2024-04-18 12:05:02,159 - INFO - Checking icons for qt designer app.
2024-04-18 12:05:02,889 - INFO - all icons have been checked and missing icons generated!
2024-04-18 12:06:28,050 - INFO - Checking icons for Default-theme theme. Icons color: #008000
2024-04-18 12:06:28,726 - INFO - Checking icons for Default-theme theme. Icons color: #008000
2024-04-18 12:06:29,403 - INFO - Checking icons for qt designer app.
2024-04-18 12:06:30,065 - INFO - all icons have been checked and missing icons generated!
2024-04-18 12:06:43,860 - INFO - Checking icons for Default-theme theme. Icons color: #008000
2024-04-18 12:06:44,710 - INFO - Checking icons for Default-theme theme. Icons color: #008000
2024-04-18 12:06:45,436 - INFO - Checking icons for qt designer app.
2024-04-18 12:06:46,103 - INFO - all icons have been checked and missing icons generated!
2024-04-18 12:07:00,795 - INFO - Checking icons for Default-theme theme. Icons color: #008000
2024-04-18 12:07:01,605 - INFO - Checking icons for Default-theme theme. Icons color: #008000
2024-04-18 12:07:22,585 - INFO - Checking icons for Default-theme theme. Icons color: #008000
2024-04-18 12:07:23,271 - INFO - Checking icons for Default-theme theme. Icons color: #008000
2024-04-18 12:07:23,907 - INFO - Checking icons for qt designer app.
2024-04-18 12:07:24,539 - INFO - all icons have been checked and missing icons generated!
2024-04-18 12:09:01,705 - INFO - Checking icons for Default-theme theme. Icons color: #008000
2024-04-18 12:09:02,557 - INFO - Checking icons for Default-theme theme. Icons color: #008000
2024-04-18 12:09:03,243 - INFO - Checking icons for qt designer app.
2024-04-18 12:09:03,881 - INFO - all icons have been checked and missing icons generated!
2024-04-18 12:15:06,718 - INFO - Checking icons for Default-theme theme. Icons color: #008000
2024-04-18 12:15:07,528 - INFO - Checking icons for Default-theme theme. Icons color: #008000
2024-04-18 12:15:08,216 - INFO - Checking icons for qt designer app.
2024-04-18 12:15:08,885 - INFO - all icons have been checked and missing icons generated!
2024-04-18 12:18:54,243 - INFO - Checking icons for Default-theme theme. Icons color: #008000
2024-04-18 12:18:54,924 - INFO - Checking icons for Default-theme theme. Icons color: #008000
2024-04-18 12:18:55,695 - INFO - Checking icons for qt designer app.
2024-04-18 12:18:56,318 - INFO - all icons have been checked and missing icons generated!
2024-04-18 12:19:26,944 - INFO - Checking icons for Default-theme theme. Icons color: #008000
2024-04-18 12:19:27,772 - INFO - Checking icons for Default-theme theme. Icons color: #008000
2024-04-18 12:19:28,497 - INFO - Checking icons for qt designer app.
2024-04-18 12:19:29,131 - INFO - all icons have been checked and missing icons generated!
2024-04-18 12:19:56,833 - INFO - Checking icons for Default-theme theme. Icons color: #008000
2024-04-18 12:19:57,653 - INFO - Checking icons for Default-theme theme. Icons color: #008000
2024-04-18 12:19:58,263 - INFO - Checking icons for qt designer app.
2024-04-18 12:19:58,936 - INFO - all icons have been checked and missing icons generated!
2024-04-18 12:24:50,376 - INFO - Checking icons for Default-theme theme. Icons color: #008000
2024-04-18 12:24:51,096 - INFO - Checking icons for Default-theme theme. Icons color: #008000
2024-04-18 12:24:51,796 - INFO - Checking icons for qt designer app.
2024-04-18 12:24:52,518 - INFO - all icons have been checked and missing icons generated!
2024-04-18 12:25:01,593 - INFO - Checking icons for Default-theme theme. Icons color: #008000
2024-04-18 12:25:02,728 - INFO - Checking icons for Default-theme theme. Icons color: #008000
2024-04-18 12:25:03,665 - INFO - Checking icons for qt designer app.
2024-04-18 12:25:04,442 - INFO - all icons have been checked and missing icons generated!
2024-04-18 12:25:29,105 - INFO - Checking icons for Default-theme theme. Icons color: #008000
2024-04-18 12:25:29,822 - INFO - Checking icons for Default-theme theme. Icons color: #008000
2024-04-18 12:25:30,656 - INFO - Checking icons for qt designer app.
2024-04-18 12:25:31,324 - INFO - all icons have been checked and missing icons generated!
2024-04-18 12:25:49,262 - INFO - Checking icons for Default-theme theme. Icons color: #008000
2024-04-18 12:25:50,052 - INFO - Checking icons for Default-theme theme. Icons color: #008000
2024-04-18 12:25:50,902 - INFO - Checking icons for qt designer app.
2024-04-18 12:25:51,604 - INFO - all icons have been checked and missing icons generated!
2024-04-18 12:26:08,421 - INFO - Checking icons for Default-theme theme. Icons color: #008000
2024-04-18 12:26:09,184 - INFO - Checking icons for Default-theme theme. Icons color: #008000
2024-04-18 12:26:09,963 - INFO - Checking icons for qt designer app.
2024-04-18 12:26:10,718 - INFO - all icons have been checked and missing icons generated!
2024-04-18 12:26:25,068 - INFO - Checking icons for Default-theme theme. Icons color: #008000
2024-04-18 12:26:25,832 - INFO - Checking icons for Default-theme theme. Icons color: #008000
2024-04-18 12:26:26,526 - INFO - Checking icons for qt designer app.
2024-04-18 12:26:27,310 - INFO - all icons have been checked and missing icons generated!
2024-04-18 12:27:17,018 - INFO - Checking icons for Default-theme theme. Icons color: #008000
2024-04-18 12:27:17,846 - INFO - Checking icons for Default-theme theme. Icons color: #008000
2024-04-18 12:27:18,577 - INFO - Checking icons for qt designer app.
2024-04-18 12:27:19,390 - INFO - all icons have been checked and missing icons generated!
2024-04-18 12:27:59,772 - INFO - Checking icons for Default-theme theme. Icons color: #008000
2024-04-18 12:28:00,768 - INFO - Checking icons for Default-theme theme. Icons color: #008000
2024-04-18 12:28:01,531 - INFO - Checking icons for qt designer app.
2024-04-18 12:28:02,278 - INFO - all icons have been checked and missing icons generated!
2024-04-18 12:29:28,263 - INFO - Checking icons for Default-theme theme. Icons color: #008000
2024-04-18 12:29:28,997 - INFO - Checking icons for Default-theme theme. Icons color: #008000
2024-04-18 12:29:29,699 - INFO - Checking icons for qt designer app.
2024-04-18 12:29:30,433 - INFO - all icons have been checked and missing icons generated!
2024-04-18 12:29:41,654 - INFO - Checking icons for Default-theme theme. Icons color: #008000
2024-04-18 12:29:42,454 - INFO - Checking icons for Default-theme theme. Icons color: #008000
2024-04-18 12:29:43,213 - INFO - Checking icons for qt designer app.
2024-04-18 12:29:43,925 - INFO - all icons have been checked and missing icons generated!
2024-04-18 12:31:05,275 - INFO - Checking icons for Default-theme theme. Icons color: #008000
2024-04-18 12:31:06,023 - INFO - Checking icons for Default-theme theme. Icons color: #008000
2024-04-18 12:31:06,731 - INFO - Checking icons for qt designer app.
2024-04-18 12:31:07,497 - INFO - all icons have been checked and missing icons generated!
2024-04-18 12:33:09,903 - INFO - Checking icons for Default-theme theme. Icons color: #008000
2024-04-18 12:33:10,654 - INFO - Checking icons for Default-theme theme. Icons color: #008000
2024-04-18 12:33:11,441 - INFO - Checking icons for qt designer app.
2024-04-18 12:33:12,192 - INFO - all icons have been checked and missing icons generated!
2024-04-18 12:37:18,036 - INFO - Checking icons for Default-theme theme. Icons color: #008000
2024-04-18 12:37:18,916 - INFO - Checking icons for Default-theme theme. Icons color: #008000
2024-04-18 12:37:19,675 - INFO - Checking icons for qt designer app.
2024-04-18 12:37:20,446 - INFO - all icons have been checked and missing icons generated!
2024-04-18 12:37:50,571 - INFO - Checking icons for Default-theme theme. Icons color: #008000
2024-04-18 12:37:51,371 - INFO - Checking icons for Default-theme theme. Icons color: #008000
2024-04-18 12:37:52,155 - INFO - Checking icons for qt designer app.
2024-04-18 12:37:52,827 - INFO - all icons have been checked and missing icons generated!
2024-04-18 12:38:26,238 - INFO - Checking icons for Default-theme theme. Icons color: #008000
2024-04-18 12:38:27,033 - INFO - Checking icons for Default-theme theme. Icons color: #008000
2024-04-18 12:38:27,731 - INFO - Checking icons for qt designer app.
2024-04-18 12:38:28,402 - INFO - all icons have been checked and missing icons generated!
2024-04-18 12:44:54,688 - INFO - Checking icons for Default-theme theme. Icons color: #008000
2024-04-18 12:44:55,561 - INFO - Checking icons for Default-theme theme. Icons color: #008000
2024-04-18 12:44:56,262 - INFO - Checking icons for qt designer app.
2024-04-18 12:44:56,980 - INFO - all icons have been checked and missing icons generated!
2024-04-18 12:45:16,063 - INFO - Checking icons for Default-theme theme. Icons color: #008000
2024-04-18 12:45:16,872 - INFO - Checking icons for Default-theme theme. Icons color: #008000
2024-04-18 12:45:17,534 - INFO - Checking icons for qt designer app.
2024-04-18 12:45:18,237 - INFO - all icons have been checked and missing icons generated!
2024-04-18 12:46:12,965 - INFO - Checking icons for Default-theme theme. Icons color: #008000
2024-04-18 12:46:13,718 - INFO - Checking icons for Default-theme theme. Icons color: #008000
2024-04-18 12:46:14,460 - INFO - Checking icons for qt designer app.
2024-04-18 12:46:15,102 - INFO - all icons have been checked and missing icons generated!
2024-04-18 12:47:14,539 - INFO - Checking icons for Default-theme theme. Icons color: #008000
2024-04-18 12:47:15,299 - INFO - Checking icons for Default-theme theme. Icons color: #008000
2024-04-18 12:47:16,015 - INFO - Checking icons for qt designer app.
2024-04-18 12:47:16,717 - INFO - all icons have been checked and missing icons generated!
2024-04-18 12:47:49,024 - INFO - Checking icons for Default-theme theme. Icons color: #008000
2024-04-18 12:47:49,752 - INFO - Checking icons for Default-theme theme. Icons color: #008000
2024-04-18 12:47:50,438 - INFO - Checking icons for qt designer app.
2024-04-18 12:47:51,196 - INFO - all icons have been checked and missing icons generated!
2024-04-18 12:48:10,227 - INFO - Checking icons for Default-theme theme. Icons color: #008000
2024-04-18 12:48:10,910 - INFO - Checking icons for Default-theme theme. Icons color: #008000
2024-04-18 12:48:11,625 - INFO - Checking icons for qt designer app.
2024-04-18 12:48:12,374 - INFO - all icons have been checked and missing icons generated!
2024-04-18 12:49:00,302 - INFO - Checking icons for Default-theme theme. Icons color: #008000
2024-04-18 12:49:01,088 - INFO - Checking icons for Default-theme theme. Icons color: #008000
2024-04-18 12:49:01,796 - INFO - Checking icons for qt designer app.
2024-04-18 12:49:02,516 - INFO - all icons have been checked and missing icons generated!
2024-04-18 12:49:33,668 - INFO - Checking icons for Default-theme theme. Icons color: #008000
2024-04-18 12:49:34,426 - INFO - Checking icons for Default-theme theme. Icons color: #008000
2024-04-18 12:49:35,133 - INFO - Checking icons for qt designer app.
2024-04-18 12:49:35,783 - INFO - all icons have been checked and missing icons generated!
2024-04-18 12:51:19,001 - INFO - Checking icons for Default-theme theme. Icons color: #008000
2024-04-18 12:51:19,805 - INFO - Checking icons for Default-theme theme. Icons color: #008000
2024-04-18 12:51:20,501 - INFO - Checking icons for qt designer app.
2024-04-18 12:51:21,143 - INFO - all icons have been checked and missing icons generated!
2024-04-18 12:51:49,987 - INFO - Checking icons for Default-theme theme. Icons color: #008000
2024-04-18 12:51:50,788 - INFO - Checking icons for Default-theme theme. Icons color: #008000
2024-04-18 12:51:51,506 - INFO - Checking icons for qt designer app.
2024-04-18 12:51:52,185 - INFO - all icons have been checked and missing icons generated!
2024-04-18 12:52:18,926 - INFO - Checking icons for Default-theme theme. Icons color: #008000
2024-04-18 12:52:19,654 - INFO - Checking icons for Default-theme theme. Icons color: #008000
2024-04-18 12:52:20,310 - INFO - Checking icons for qt designer app.
2024-04-18 12:52:21,037 - INFO - all icons have been checked and missing icons generated!
2024-04-18 12:52:33,000 - INFO - Checking icons for Default-theme theme. Icons color: #008000
2024-04-18 12:52:33,762 - INFO - Checking icons for Default-theme theme. Icons color: #008000
2024-04-18 12:52:34,412 - INFO - Checking icons for qt designer app.
2024-04-18 12:52:35,084 - INFO - all icons have been checked and missing icons generated!
2024-04-18 12:52:44,338 - INFO - Checking icons for Default-theme theme. Icons color: #008000
2024-04-18 12:52:45,054 - INFO - Checking icons for Default-theme theme. Icons color: #008000
2024-04-18 12:52:45,795 - INFO - Checking icons for qt designer app.
2024-04-18 12:52:46,479 - INFO - all icons have been checked and missing icons generated!
2024-04-18 12:53:09,760 - INFO - Checking icons for Default-theme theme. Icons color: #008000
2024-04-18 12:53:10,554 - INFO - Checking icons for Default-theme theme. Icons color: #008000
2024-04-18 12:53:11,290 - INFO - Checking icons for qt designer app.
2024-04-18 12:53:12,028 - INFO - all icons have been checked and missing icons generated!
2024-04-18 12:53:38,931 - INFO - Checking icons for Default-theme theme. Icons color: #008000
2024-04-18 12:53:39,785 - INFO - Checking icons for Default-theme theme. Icons color: #008000
2024-04-18 12:53:40,594 - INFO - Checking icons for qt designer app.
2024-04-18 12:53:41,263 - INFO - all icons have been checked and missing icons generated!
2024-04-18 12:54:05,976 - INFO - Checking icons for Default-theme theme. Icons color: #008000
2024-04-18 12:54:06,753 - INFO - Checking icons for Default-theme theme. Icons color: #008000
2024-04-18 12:54:07,475 - INFO - Checking icons for qt designer app.
2024-04-18 12:54:08,181 - INFO - all icons have been checked and missing icons generated!
2024-04-18 12:54:21,067 - INFO - Checking icons for Default-theme theme. Icons color: #008000
2024-04-18 12:54:21,832 - INFO - Checking icons for Default-theme theme. Icons color: #008000
2024-04-18 12:54:22,561 - INFO - Checking icons for qt designer app.
2024-04-18 12:54:23,265 - INFO - all icons have been checked and missing icons generated!
2024-04-18 13:52:05,289 - INFO - Checking icons for Default-theme theme. Icons color: #008000
2024-04-18 13:52:07,581 - INFO - Checking icons for Default-theme theme. Icons color: #008000
2024-04-18 13:52:08,603 - INFO - Checking icons for qt designer app.
2024-04-18 13:52:11,033 - INFO - all icons have been checked and missing icons generated!
2024-04-18 13:52:55,298 - INFO - Checking icons for Default-theme theme. Icons color: #008000
2024-04-18 13:52:56,423 - INFO - Checking icons for Default-theme theme. Icons color: #008000
2024-04-18 13:52:57,662 - INFO - Checking icons for qt designer app.
2024-04-18 13:52:58,713 - INFO - all icons have been checked and missing icons generated!
2024-04-18 13:53:14,847 - INFO - Checking icons for Default-theme theme. Icons color: #008000
2024-04-18 13:53:15,932 - INFO - Checking icons for Default-theme theme. Icons color: #008000
2024-04-18 13:53:17,153 - INFO - Checking icons for qt designer app.
2024-04-18 13:53:18,202 - INFO - all icons have been checked and missing icons generated!
2024-04-18 13:53:36,052 - INFO - Checking icons for Default-theme theme. Icons color: #008000
2024-04-18 13:53:37,190 - INFO - Checking icons for Default-theme theme. Icons color: #008000
2024-04-18 13:53:38,455 - INFO - Checking icons for qt designer app.
2024-04-18 13:53:39,545 - INFO - all icons have been checked and missing icons generated!
2024-04-18 13:53:53,936 - INFO - Checking icons for Default-theme theme. Icons color: #008000
2024-04-18 13:53:54,964 - INFO - Checking icons for Default-theme theme. Icons color: #008000
2024-04-18 13:53:56,219 - INFO - Checking icons for qt designer app.
2024-04-18 13:53:57,250 - INFO - all icons have been checked and missing icons generated!
2024-04-18 13:54:13,532 - INFO - Checking icons for Default-theme theme. Icons color: #008000
2024-04-18 13:54:14,693 - INFO - Checking icons for Default-theme theme. Icons color: #008000
2024-04-18 13:54:15,738 - INFO - Checking icons for qt designer app.
2024-04-18 13:54:17,121 - INFO - all icons have been checked and missing icons generated!
2024-04-18 13:55:40,415 - INFO - Checking icons for Default-theme theme. Icons color: #008000
2024-04-18 13:55:41,585 - INFO - Checking icons for Default-theme theme. Icons color: #008000
2024-04-18 13:55:42,653 - INFO - Checking icons for qt designer app.
2024-04-18 13:55:43,722 - INFO - all icons have been checked and missing icons generated!
2024-04-18 14:17:01,147 - INFO - Checking icons for Default-theme theme. Icons color: #008000
2024-04-18 14:17:01,897 - INFO - Checking icons for Default-theme theme. Icons color: #008000
2024-04-18 14:17:02,611 - INFO - Checking icons for qt designer app.
2024-04-18 14:17:03,304 - INFO - all icons have been checked and missing icons generated!
2024-04-18 14:26:33,118 - INFO - Checking icons for Default-theme theme. Icons color: #008000
2024-04-18 14:26:33,988 - INFO - Checking icons for Default-theme theme. Icons color: #008000
2024-04-18 14:26:34,659 - INFO - Checking icons for qt designer app.
2024-04-18 14:26:35,386 - INFO - all icons have been checked and missing icons generated!
2024-04-18 14:48:35,765 - INFO - Checking icons for Default-theme theme. Icons color: #008000
2024-04-18 14:48:36,626 - INFO - Checking icons for Default-theme theme. Icons color: #008000
2024-04-18 14:48:37,315 - INFO - Checking icons for qt designer app.
2024-04-18 14:48:38,008 - INFO - all icons have been checked and missing icons generated!
2024-04-18 15:25:19,129 - INFO - Checking icons for Default-theme theme. Icons color: #008000
2024-04-18 15:25:20,089 - INFO - Checking icons for Default-theme theme. Icons color: #008000
2024-04-18 15:25:20,794 - INFO - Checking icons for qt designer app.
2024-04-18 15:25:21,522 - INFO - all icons have been checked and missing icons generated!
2024-04-18 15:26:06,661 - INFO - Checking icons for Default-theme theme. Icons color: #008000
2024-04-18 15:26:07,425 - INFO - Checking icons for Default-theme theme. Icons color: #008000
2024-04-18 15:26:08,131 - INFO - Checking icons for qt designer app.
2024-04-18 15:26:08,871 - INFO - all icons have been checked and missing icons generated!
2024-04-18 15:28:02,766 - INFO - Checking icons for Default-theme theme. Icons color: #008000
2024-04-18 15:28:03,509 - INFO - Checking icons for Default-theme theme. Icons color: #008000
2024-04-18 15:28:04,235 - INFO - Checking icons for qt designer app.
2024-04-18 15:28:04,912 - INFO - all icons have been checked and missing icons generated!
2024-04-18 17:29:36,326 - INFO - Checking icons for Default-theme theme. Icons color: #008000
2024-04-18 17:29:37,904 - INFO - Checking icons for Default-theme theme. Icons color: #008000
2024-04-18 17:29:38,609 - INFO - Checking icons for qt designer app.
2024-04-18 17:29:39,873 - INFO - all icons have been checked and missing icons generated!
2024-04-22 10:04:18,163 - INFO - Checking icons for Default-theme theme. Icons color: #008000
2024-04-22 10:04:20,086 - INFO - Checking icons for Default-theme theme. Icons color: #008000
2024-04-22 10:04:21,318 - INFO - Checking icons for qt designer app.
2024-04-22 10:04:23,207 - INFO - all icons have been checked and missing icons generated!
2024-05-06 14:29:47,654 - INFO - Checking icons for Default-theme theme. Icons color: #008000
2024-05-06 14:29:49,453 - INFO - Checking icons for Default-theme theme. Icons color: #008000
2024-05-06 14:29:50,227 - INFO - Checking icons for qt designer app.
2024-05-06 14:29:51,613 - INFO - all icons have been checked and missing icons generated!
2024-05-06 14:30:18,556 - INFO - Checking icons for Default-theme theme. Icons color: #008000
2024-05-06 14:30:19,686 - INFO - Checking icons for Default-theme theme. Icons color: #008000
2024-05-06 14:31:52,401 - INFO - Checking icons for Default-theme theme. Icons color: #008000
2024-05-06 14:31:53,261 - INFO - Checking icons for Default-theme theme. Icons color: #008000
2024-05-06 14:31:54,141 - INFO - Checking icons for qt designer app.
2024-05-06 14:31:54,924 - INFO - all icons have been checked and missing icons generated!
2024-05-06 14:45:38,466 - INFO - Checking icons for Default-theme theme. Icons color: #008000
2024-05-06 14:45:39,263 - INFO - Checking icons for Default-theme theme. Icons color: #008000
2024-05-06 14:45:40,084 - INFO - Checking icons for qt designer app.
2024-05-06 14:45:40,927 - INFO - all icons have been checked and missing icons generated!
2024-05-07 10:48:51,325 - INFO - Checking icons for Default-theme theme. Icons color: #008000
2024-05-07 10:48:53,228 - INFO - Checking icons for Default-theme theme. Icons color: #008000
2024-05-07 10:48:54,436 - INFO - Checking icons for qt designer app.
2024-05-07 10:48:56,349 - INFO - all icons have been checked and missing icons generated!
2024-05-09 11:30:04,917 - INFO - Checking icons for Default-theme theme. Icons color: #008000
2024-05-09 11:30:06,737 - INFO - Checking icons for Default-theme theme. Icons color: #008000
2024-05-09 11:30:07,784 - INFO - Checking icons for qt designer app.
2024-05-09 11:30:09,337 - INFO - all icons have been checked and missing icons generated!
2024-05-09 11:31:56,533 - INFO - Checking icons for Default-theme theme. Icons color: #008000
2024-05-09 11:31:57,281 - INFO - Checking icons for Default-theme theme. Icons color: #008000
2024-05-09 11:31:58,187 - INFO - Checking icons for qt designer app.
2024-05-09 11:31:58,979 - INFO - all icons have been checked and missing icons generated!
2024-05-09 11:32:32,613 - INFO - Checking icons for Default-theme theme. Icons color: #008000
2024-05-09 11:32:33,549 - INFO - Checking icons for Default-theme theme. Icons color: #008000
2024-05-09 11:32:34,401 - INFO - Checking icons for qt designer app.
2024-05-09 11:32:35,431 - INFO - all icons have been checked and missing icons generated!
2024-05-09 12:25:26,793 - INFO - Checking icons for Default-theme theme. Icons color: #008000
2024-05-09 12:25:27,726 - INFO - Checking icons for Default-theme theme. Icons color: #008000
2024-05-09 12:25:28,441 - INFO - Checking icons for qt designer app.
2024-05-09 12:25:29,147 - INFO - all icons have been checked and missing icons generated!
2024-05-09 12:32:06,997 - INFO - Checking icons for Default-theme theme. Icons color: #008000
2024-05-09 12:32:07,723 - INFO - Checking icons for Default-theme theme. Icons color: #008000
2024-05-09 12:32:08,415 - INFO - Checking icons for qt designer app.
2024-05-09 12:32:09,228 - INFO - all icons have been checked and missing icons generated!
2024-05-09 15:02:02,845 - INFO - Checking icons for Default-theme theme. Icons color: #008000
2024-05-09 15:02:04,359 - INFO - Checking icons for Default-theme theme. Icons color: #008000
2024-05-09 15:02:05,164 - INFO - Checking icons for qt designer app.
2024-05-09 15:02:05,898 - INFO - all icons have been checked and missing icons generated!
2024-05-09 15:06:16,051 - INFO - Checking icons for Default-theme theme. Icons color: #008000
2024-05-09 15:06:16,799 - INFO - Checking icons for Default-theme theme. Icons color: #008000
2024-05-09 15:06:17,442 - INFO - Checking icons for qt designer app.
2024-05-09 15:06:18,115 - INFO - all icons have been checked and missing icons generated!
2024-05-09 15:17:05,946 - INFO - Checking icons for Default-theme theme. Icons color: #008000
2024-05-09 15:17:06,624 - INFO - Checking icons for Default-theme theme. Icons color: #008000
2024-05-09 15:17:07,267 - INFO - Checking icons for qt designer app.
2024-05-09 15:17:07,923 - INFO - all icons have been checked and missing icons generated!
2024-05-09 15:17:55,483 - INFO - Checking icons for Default-theme theme. Icons color: #008000
2024-05-09 15:17:56,473 - INFO - Checking icons for Default-theme theme. Icons color: #008000
2024-05-09 15:17:57,215 - INFO - Checking icons for qt designer app.
2024-05-09 15:17:57,870 - INFO - all icons have been checked and missing icons generated!
2024-05-09 15:22:46,841 - INFO - Checking icons for Default-theme theme. Icons color: #008000
2024-05-09 15:22:47,523 - INFO - Checking icons for Default-theme theme. Icons color: #008000
2024-05-09 15:22:48,163 - INFO - Checking icons for qt designer app.
2024-05-09 15:22:48,830 - INFO - all icons have been checked and missing icons generated!
2024-05-09 15:37:33,227 - INFO - Checking icons for Default-theme theme. Icons color: #008000
2024-05-09 15:37:34,068 - INFO - Checking icons for Default-theme theme. Icons color: #008000
2024-05-09 15:37:34,718 - INFO - Checking icons for qt designer app.
2024-05-09 15:37:35,775 - INFO - all icons have been checked and missing icons generated!
2024-05-09 15:40:06,775 - INFO - Checking icons for Default-theme theme. Icons color: #008000
2024-05-09 15:40:07,779 - INFO - Checking icons for Default-theme theme. Icons color: #008000
2024-05-09 15:40:08,488 - INFO - Checking icons for qt designer app.
2024-05-09 15:40:09,133 - INFO - all icons have been checked and missing icons generated!
2024-05-09 15:42:12,694 - INFO - Checking icons for Default-theme theme. Icons color: #008000
2024-05-09 15:42:13,392 - INFO - Checking icons for Default-theme theme. Icons color: #008000
2024-05-09 15:42:14,022 - INFO - Checking icons for qt designer app.
2024-05-09 15:42:14,727 - INFO - all icons have been checked and missing icons generated!
